undo2.inp: ERROR (wrong output)
===== Input =====
rt 1
c
u
u
u
rt 1
c
c
c
c
c
c
c
wt 2
c
c
wt 3
c
c
c
c
c
c
c
c
wt 3
c
wt 3
c
c
c
c
c
wt 2
u
wt 2
c
c
c
c
c
wt 3
rt 3
c
c
c
wt 1
c
wt 2
c
wf
u
wf
c
c
c
c
c
c
c
c
c
wt 4
c
wt 3
c
c
c
wt 2
c
c
c
c
c
c
c
c
c
c
c
c
c
c
c
c
wt 3
tt 4 2
c
c
wt 3
c
c
c
c
c
c
c
c
c
c
c
c
c
c
c
c
c
c
c
c
c
c
c
q
===== Expected Output =====
            6S --- --- ---

  AC        2H 10C  AD  8C
 ### ---  
            6S --- --- ---

 10S        2H 10C  AD  8C
 ### ---    AC --- --- ---
            6S --- --- ---

 10S        2H 10C  AD  8C
 ###  3H    AC --- --- ---
            6S --- --- ---

 10S        2H 10C  AD  8C
 ### ---    AC --- --- ---
            6S --- --- ---

  AC        2H 10C  AD  8C
 ### ---  
            6S --- --- ---

  AC        2H 10C  AD  8C
 ### ---  
            6S --- --- ---

 10S        2H 10C  AD  8C
 ### ---    AC --- --- ---
            6S --- --- ---

 10S        2H 10C  AD  8C
 ###  3H    AC --- --- ---
            6S --- --- ---

 10S        2H 10C  AD  8C
 ###  3S    AC --- --- ---
            6S --- --- ---

 10S        2H 10C  AD  8C
 ###  JC    AC --- --- ---
            6S --- --- ---

 10S        2H 10C  AD  8C
 ###  QH    AC --- --- ---
            6S --- --- ---

 10S        2H 10C  AD  8C
 ###  JD    AC --- --- ---
            6S --- --- ---

 10S        2H 10C  AD  8C
 ###  2C    AC --- --- ---
            6S --- --- ---

 10S        2H 10C  AD  8C
 ###  9C    AC --- --- ---
            6S --- --- ---

 10S        2H 10C  AD  8C
 ###  9C    AC --- --- ---
            6S --- --- ---

 10S        2H 10C  AD  8C
 ###  4S    AC --- --- ---
            6S --- --- ---

 10S        2H 10C  AD  8C
 ###  KS    AC --- --- ---
            6S --- --- ---

 10S        2H 10C  AD  8C
 ### 10H    AC ---  KS ---
            6S --- --- ---

 10S        2H 10C  AD  8C
 ###  5S    AC ---  KS ---
            6S --- --- ---

 10S        2H 10C  AD  8C
 ###  JH    AC ---  KS ---
            6S --- --- ---

 10S        2H 10C  AD  8C
 ---  5C    AC ---  KS ---
            6S --- --- ---

 10S        2H 10C  AD  8C
 ### ---    AC ---  KS ---
            6S --- --- ---

 10S        2H 10C  AD  8C
 ###  3H    AC ---  KS ---
            6S --- --- ---

 10S        2H 10C  AD  8C
 ###  3S    AC ---  KS ---
            6S --- --- ---

 10S        2H 10C  AD  8C
 ###  JC    AC ---  KS ---
            6S --- --- ---

 10S        2H 10C  AD  8C
 ###  QH    AC ---  KS ---
            6S --- --- ---

 10S        2H 10C  AD  8C
 ###  QD    AC ---  KS ---
           --- ---  QH ---
            6S --- --- ---

 10S        2H 10C  AD  8C
 ###  JD    AC ---  KS ---
           --- ---  QH ---
            6S --- --- ---

 10S        2H 10C  AD  8C
 ###  JD    AC ---  KS ---
           --- ---  QH ---
            6S --- --- ---

 10S        2H 10C  AD  8C
 ###  2C    AC ---  KS ---
           --- ---  QH ---
            6S --- --- ---

 10S        2H 10C  AD  8C
 ###  9C    AC ---  KS ---
           --- ---  QH ---
            6S --- --- ---

 10S        2H 10C  AD  8C
 ###  4S    AC ---  KS ---
           --- ---  QH ---
            6S --- --- ---

 10S        2H 10C  AD  8C
 ###  9H    AC ---  KS ---
           --- ---  QH ---
            6S --- --- ---

 10S        2H 10C  AD  8C
 ###  9D    AC ---  KS ---
           --- ---  QH ---
            6S --- --- ---

 10S        2H 10C  AD  8C
 ###  5S    AC  9D  KS ---
           --- ---  QH ---
            6S --- --- ---

 10S        2H 10C  AD  8C
 ###  9D    AC ---  KS ---
           --- ---  QH ---
            6S --- --- ---

 10S        2H 10C  AD  8C
 ###  5S    AC  9D  KS ---
           --- ---  QH ---
            6S --- --- ---

 10S        2H 10C  AD  8C
 ---  5C    AC  9D  KS ---
           --- ---  QH ---
            6S --- --- ---

 10S        2H 10C  AD  8C
 ### ---    AC  9D  KS ---
           --- ---  QH ---
            6S --- --- ---

 10S        2H 10C  AD  8C
 ###  3H    AC  9D  KS ---
           --- ---  QH ---
            6S --- --- ---

 10S        2H 10C  AD  8C
 ###  3S    AC  9D  KS ---
           --- ---  QH ---
            6S --- --- ---

 10S        2H 10C  AD  8C
 ###  JC    AC  9D  KS ---
           --- ---  QH ---
            6S --- --- ---

 10S        2H 10C  AD  8C
 ###  KD    AC  9D  KS ---
           --- ---  QH ---
           --- ---  JC ---
            6S --- --- ---

 10S        2H 10C  AD  8C
 ###  KD    AC  9D  KS ---
           --- ---  QH ---
           --- ---  JC ---
            6S --- --- ---

 10S        2H 10C  AD  8C
 ###  3D    AC  9D  KS ---
           --- ---  QH ---
           --- ---  JC ---
            6S --- --- ---

 10S        2H 10C  AD  8C
 ###  4C    AC  9D  KS ---
           --- ---  QH ---
           --- ---  JC ---
            6S --- --- ---

 10S        2H 10C  AD  8C
 ###  KC    AC  9D  KS ---
           --- ---  QH ---
           --- ---  JC ---
            6S --- --- ---

 10S        2H 10C  AD  8C
 ###  KC    AC  9D  KS ---
           --- ---  QH ---
           --- ---  JC ---
            6S --- --- ---

 10S        2H 10C  AD  8C
 ###  8D    AC  9D  KS ---
           --- ---  QH ---
           --- ---  JC ---
            6S --- --- ---

 10S        2H 10C  AD  8C
 ###  8D    AC  9D  KS ---
           --- ---  QH ---
           --- ---  JC ---
            6S --- --- ---

 10S        2H 10C  AD  8C
 ###  6D    AC  9D  KS ---
           --- ---  QH ---
           --- ---  JC ---
            6S  6D --- ---

 10S        2H 10C  AD  8C
 ###  4S    AC  9D  KS ---
           --- ---  QH ---
           --- ---  JC ---
            6S --- --- ---

 10S        2H 10C  AD  8C
 ###  6D    AC  9D  KS ---
           --- ---  QH ---
           --- ---  JC ---
            6S  6D --- ---

 10S        2H 10C  AD  8C
 ###  4S    AC  9D  KS ---
           --- ---  QH ---
           --- ---  JC ---
            6S  6D --- ---

 10S        2H 10C  AD  8C
 ###  5D    AC  9D  KS ---
           --- ---  QH ---
           --- ---  JC ---
            6S  6D --- ---

 10S        2H 10C  AD  8C
 ###  JH    AC  9D  KS ---
           --- ---  QH ---
           --- ---  JC ---
            6S  6D --- ---

 10S        2H 10C  AD  8C
 ---  5C    AC  9D  KS ---
           --- ---  QH ---
           --- ---  JC ---
            6S  6D --- ---

 10S        2H 10C  AD  8C
 ### ---    AC  9D  KS ---
           --- ---  QH ---
           --- ---  JC ---
            6S  6D --- ---

 10S        2H 10C  AD  8C
 ###  3H    AC  9D  KS ---
           --- ---  QH ---
           --- ---  JC ---
            6S  6D --- ---

 10S        2H 10C  AD  8C
 ###  3S    AC  9D  KS ---
           --- ---  QH ---
           --- ---  JC ---
            6S  6D --- ---

 10S        2H 10C  AD  8C
 ###  AH    AC  9D  KS ---
           --- ---  QH ---
           --- ---  JC ---
            6S  6D --- ---

 10S        2H 10C  AD  8C
 ###  9S    AC  9D  KS ---
           --- ---  QH ---
           --- ---  JC ---
            6S  6D --- ---

 10S        2H 10C  AD  8C
 ###  7H    AC  9D  KS ---
           --- ---  QH ---
           --- ---  JC ---
            6S  6D --- ---

 10S        2H 10C  AD  8C
 ###  4C    AC  9D  KS  7H
           --- ---  QH ---
           --- ---  JC ---
            6S  6D --- ---

 10S        2H 10C  AD  8C
 ### 10D    AC  9D  KS  7H
           --- ---  QH ---
           --- ---  JC ---
            6S  6D --- ---

 10S        2H 10C  AD  8C
 ###  KC    AC  9D  KS  7H
           --- ---  QH ---
           --- ---  JC ---
           --- --- 10D ---
            6S  6D --- ---

 10S        2H 10C  AD  8C
 ###  QC    AC  9D  KS  7H
           --- ---  QH ---
           --- ---  JC ---
           --- --- 10D ---
            6S  6D --- ---

 10S        2H 10C  AD  8C
 ###  9H    AC  9D  KS  7H
           --- ---  QH ---
           --- ---  JC ---
           --- --- 10D ---
            6S  6D --- ---

 10S        2H 10C  AD  8C
 ###  8S    AC  9D  KS  7H
           --- ---  QH ---
           --- ---  JC ---
           --- --- 10D ---
            6S  6D --- ---

 10S        2H 10C  AD  8C
 ###  5S    AC  9D  KS  7H
           ---  8S  QH ---
           --- ---  JC ---
           --- --- 10D ---
            6S  6D --- ---

 10S        2H 10C  AD  8C
 ---  5C    AC  9D  KS  7H
           ---  8S  QH ---
           --- ---  JC ---
           --- --- 10D ---
            6S  6D --- ---

 10S        2H 10C  AD  8C
 ### ---    AC  9D  KS  7H
           ---  8S  QH ---
           --- ---  JC ---
           --- --- 10D ---
            6S  6D --- ---

 10S        2H 10C  AD  8C
 ###  3H    AC  9D  KS  7H
           ---  8S  QH ---
           --- ---  JC ---
           --- --- 10D ---
            6S  6D --- ---

 10S        2H 10C  AD  8C
 ###  3S    AC  9D  KS  7H
           ---  8S  QH ---
           --- ---  JC ---
           --- --- 10D ---
            6S  6D --- ---

 10S        2H 10C  AD  8C
 ###  AH    AC  9D  KS  7H
           ---  8S  QH ---
           --- ---  JC ---
           --- --- 10D ---
            6S  6D --- ---

 10S        2H 10C  AD  8C
 ###  9S    AC  9D  KS  7H
           ---  8S  QH ---
           --- ---  JC ---
           --- --- 10D ---
            6S  6D --- ---

 10S        2H 10C  AD  8C
 ###  2C    AC  9D  KS  7H
           ---  8S  QH ---
           --- ---  JC ---
           --- --- 10D ---
            6S  6D --- ---

 10S        2H 10C  AD  8C
 ###  8D    AC  9D  KS  7H
           ---  8S  QH ---
           --- ---  JC ---
           --- --- 10D ---
            6S  6D --- ---

 10S        2H 10C  AD  8C
 ### 10H    AC  9D  KS  7H
           ---  8S  QH ---
           --- ---  JC ---
           --- --- 10D ---
            6S  6D --- ---

 10S        2H 10C  AD  8C
 ###  5S    AC  9D  KS  7H
           ---  8S  QH ---
           --- ---  JC ---
           --- --- 10D ---
            6S  6D --- ---

 10S        2H 10C  AD  8C
 ---  5C    AC  9D  KS  7H
           ---  8S  QH ---
           --- ---  JC ---
           --- --- 10D ---
            6S  6D --- ---

 10S        2H 10C  AD  8C
 ### ---    AC  9D  KS  7H
           ---  8S  QH ---
           --- ---  JC ---
           --- --- 10D ---
            6S  6D --- ---

 10S        2H 10C  AD  8C
 ###  3H    AC  9D  KS  7H
           ---  8S  QH ---
           --- ---  JC ---
           --- --- 10D ---
            6S  6D --- ---

 10S        2H 10C  AD  8C
 ###  3S    AC  9D  KS  7H
           ---  8S  QH ---
           --- ---  JC ---
           --- --- 10D ---
            6S  6D --- ---

 10S        2H 10C  AD  8C
 ###  AH    AC  9D  KS  7H
           ---  8S  QH ---
           --- ---  JC ---
           --- --- 10D ---
            6S  6D --- ---

 10S        2H 10C  AD  8C
 ###  9S    AC  9D  KS  7H
           ---  8S  QH ---
           --- ---  JC ---
           --- --- 10D ---
            6S  6D --- ---

 10S        2H 10C  AD  8C
 ###  3D    AC  9D  KS  7H
           ---  8S  QH ---
           --- ---  JC ---
           --- --- 10D ---
           --- ---  9S ---
            6S  6D --- ---

 10S        2H 10C  AD  8C
 ###  3D    AC  9D  KS  7H
           ---  8S  QH ---
           --- ---  JC ---
           --- --- 10D ---
           --- ---  9S ---
            6S  6D --- ---

 10S        2H 10C  AD  8C
 ###  2C    AC  9D  KS  7H
           ---  8S  QH ---
           --- ---  JC ---
           --- --- 10D ---
           --- ---  9S ---
            6S  6D --- ---

 10S        2H 10C  AD  8C
 ###  8D    AC  9D  KS  7H
           ---  8S  QH ---
           --- ---  JC ---
           --- --- 10D ---
           --- ---  9S ---
            6S  6D --- ---

 10S        2H 10C  AD  8C
 ###  9C    AC  9D  KS  7H
           ---  8S  QH ---
           --- ---  JC ---
           --- --- 10D ---
           --- ---  9S ---
           --- ---  8D ---
            6S  6D --- ---

 10S        2H 10C  AD  8C
 ### 10H    AC  9D  KS  7H
           ---  8S  QH ---
           --- ---  JC ---
           --- --- 10D ---
           --- ---  9S ---
           --- ---  8D ---
            6S  6D --- ---

 10S        2H 10C  AD  8C
 ###  5S    AC  9D  KS  7H
           ---  8S  QH ---
           --- ---  JC ---
           --- --- 10D ---
           --- ---  9S ---
           --- ---  8D ---
            6S  6D --- ---

 10S        2H 10C  AD  8C
 ---  5C    AC  9D  KS  7H
           ---  8S  QH ---
           --- ---  JC ---
           --- --- 10D ---
           --- ---  9S ---
           --- ---  8D ---
            6S  6D --- ---

 10S        2H 10C  AD  8C
 ### ---    AC  9D  KS  7H
           ---  8S  QH ---
           --- ---  JC ---
           --- --- 10D ---
           --- ---  9S ---
           --- ---  8D ---
            6S  6D --- ---

 10S        2H 10C  AD  8C
 ###  3H    AC  9D  KS  7H
           ---  8S  QH ---
           --- ---  JC ---
           --- --- 10D ---
           --- ---  9S ---
           --- ---  8D ---
            6S  6D --- ---

 10S        2H 10C  AD  8C
 ###  3S    AC  9D  KS  7H
           ---  8S  QH ---
           --- ---  JC ---
           --- --- 10D ---
           --- ---  9S ---
           --- ---  8D ---
            6S  6D --- ---

 10S        2H 10C  AD  8C
 ###  AH    AC  9D  KS  7H
           ---  8S  QH ---
           --- ---  JC ---
           --- --- 10D ---
           --- ---  9S ---
           --- ---  8D ---
            6S  6D --- ---

 10S        2H 10C  AD  8C
 ###  JD    AC  9D  KS  7H
           ---  8S  QH ---
           --- ---  JC ---
           --- --- 10D ---
           --- ---  9S ---
           --- ---  8D ---
            6S  6D --- ---

 10S        2H 10C  AD  8C
 ###  KC    AC  9D  KS  7H
           ---  8S  QH ---
           --- ---  JC ---
           --- --- 10D ---
           --- ---  9S ---
           --- ---  8D ---
            6S  6D --- ---

 10S        2H 10C  AD  8C
 ###  4S    AC  9D  KS  7H
           ---  8S  QH ---
           --- ---  JC ---
           --- --- 10D ---
           --- ---  9S ---
           --- ---  8D ---
            6S  6D --- ---

 10S        2H 10C  AD  8C
 ###  5D    AC  9D  KS  7H
           ---  8S  QH ---
           --- ---  JC ---
           --- --- 10D ---
           --- ---  9S ---
           --- ---  8D ---
            6S  6D --- ---

 10S        2H 10C  AD  8C
 ---  5C    AC  9D  KS  7H
           ---  8S  QH ---
           --- ---  JC ---
           --- --- 10D ---
           --- ---  9S ---
           --- ---  8D ---
            6S  6D --- ---

 10S        2H 10C  AD  8C
 ### ---    AC  9D  KS  7H
           ---  8S  QH ---
           --- ---  JC ---
           --- --- 10D ---
           --- ---  9S ---
           --- ---  8D ---
            6S  6D --- ---

 10S        2H 10C  AD  8C
 ###  3H    AC  9D  KS  7H
           ---  8S  QH ---
           --- ---  JC ---
           --- --- 10D ---
           --- ---  9S ---
           --- ---  8D ---
            6S  6D --- ---

 10S        2H 10C  AD  8C
 ###  3S    AC  9D  KS  7H
           ---  8S  QH ---
           --- ---  JC ---
           --- --- 10D ---
           --- ---  9S ---
           --- ---  8D ---
            6S  6D --- ---

 10S        2H 10C  AD  8C
 ###  AH    AC  9D  KS  7H
           ---  8S  QH ---
           --- ---  JC ---
           --- --- 10D ---
           --- ---  9S ---
           --- ---  8D ---
            6S  6D --- ---

 10S        2H 10C  AD  8C
 ###  JD    AC  9D  KS  7H
           ---  8S  QH ---
           --- ---  JC ---
           --- --- 10D ---
           --- ---  9S ---
           --- ---  8D ---
            6S  6D --- ---

 10S        2H 10C  AD  8C
 ###  KC    AC  9D  KS  7H
           ---  8S  QH ---
           --- ---  JC ---
           --- --- 10D ---
           --- ---  9S ---
           --- ---  8D ---
            6S  6D --- ---

 10S        2H 10C  AD  8C
 ###  4S    AC  9D  KS  7H
           ---  8S  QH ---
           --- ---  JC ---
           --- --- 10D ---
           --- ---  9S ---
           --- ---  8D ---
            6S  6D --- ---

 10S        2H 10C  AD  8C
 ###  5D    AC  9D  KS  7H
           ---  8S  QH ---
           --- ---  JC ---
           --- --- 10D ---
           --- ---  9S ---
           --- ---  8D ---
            6S  6D --- ---

 10S        2H 10C  AD  8C
 ---  5C    AC  9D  KS  7H
           ---  8S  QH ---
           --- ---  JC ---
           --- --- 10D ---
           --- ---  9S ---
           --- ---  8D ---
            6S  6D --- ---

 10S        2H 10C  AD  8C
 ### ---    AC  9D  KS  7H
           ---  8S  QH ---
           --- ---  JC ---
           --- --- 10D ---
           --- ---  9S ---
           --- ---  8D ---
            6S  6D --- ---

 10S        2H 10C  AD  8C
 ###  3H    AC  9D  KS  7H
           ---  8S  QH ---
           --- ---  JC ---
           --- --- 10D ---
           --- ---  9S ---
           --- ---  8D ---
Another game? [yn] 
===== Actual Output =====
            6S --- --- ---

  AC        2H 10C  AD  8C
 ### ---  
            6S --- --- ---

 10S        2H 10C  AD  8C
 ### ---    AC --- --- ---
            6S --- --- ---

 10S        2H 10C  AD  8C
 ###  3H    AC --- --- ---
            6S --- --- ---

 10S        2H 10C  AD  8C
 ### ---    AC --- --- ---
            6S --- --- ---

  AC        2H 10C  AD  8C
 ### ---  
            6S --- --- ---

  AC        2H 10C  AD  8C
 ### ---  
            6S --- --- ---

 10S        2H 10C  AD  8C
 ### ---    AC --- --- ---
            6S --- --- ---

 10S        2H 10C  AD  8C
 ###  3H    AC --- --- ---
            6S --- --- ---

 10S        2H 10C  AD  8C
 ###  3S    AC --- --- ---
            6S --- --- ---

 10S        2H 10C  AD  8C
 ###  JC    AC --- --- ---
            6S --- --- ---

 10S        2H 10C  AD  8C
 ###  QH    AC --- --- ---
            6S --- --- ---

 10S        2H 10C  AD  8C
 ###  JD    AC --- --- ---
            6S --- --- ---

 10S        2H 10C  AD  8C
 ###  2C    AC --- --- ---
            6S --- --- ---

 10S        2H 10C  AD  8C
 ###  9C    AC --- --- ---
Error: tableau is built down in alternating colors
            6S --- --- ---

 10S        2H 10C  AD  8C
 ###  9C    AC --- --- ---
            6S --- --- ---

 10S        2H 10C  AD  8C
 ###  4S    AC --- --- ---
            6S --- --- ---

 10S        2H 10C  AD  8C
 ###  KS    AC --- --- ---
            6S --- --- ---

 10S        2H 10C  AD  8C
 ### 10H    AC ---  KS ---
            6S --- --- ---

 10S        2H 10C  AD  8C
 ###  5S    AC ---  KS ---
            6S --- --- ---

 10S        2H 10C  AD  8C
 ###  JH    AC ---  KS ---
            6S --- --- ---

 10S        2H 10C  AD  8C
 ---  5C    AC ---  KS ---
            6S --- --- ---

 10S        2H 10C  AD  8C
 ### ---    AC ---  KS ---
            6S --- --- ---

 10S        2H 10C  AD  8C
 ###  3H    AC ---  KS ---
            6S --- --- ---

 10S        2H 10C  AD  8C
 ###  3S    AC ---  KS ---
            6S --- --- ---

 10S        2H 10C  AD  8C
 ###  JC    AC ---  KS ---
            6S --- --- ---

 10S        2H 10C  AD  8C
 ###  QH    AC ---  KS ---
            6S --- --- ---

 10S        2H 10C  AD  8C
 ###  QD    AC ---  KS ---
           --- ---  QH ---
            6S --- --- ---

 10S        2H 10C  AD  8C
 ###  JD    AC ---  KS ---
           --- ---  QH ---
Error: tableau is built down in alternating colors
            6S --- --- ---

 10S        2H 10C  AD  8C
 ###  JD    AC ---  KS ---
           --- ---  QH ---
            6S --- --- ---

 10S        2H 10C  AD  8C
 ###  2C    AC ---  KS ---
           --- ---  QH ---
            6S --- --- ---

 10S        2H 10C  AD  8C
 ###  9C    AC ---  KS ---
           --- ---  QH ---
            6S --- --- ---

 10S        2H 10C  AD  8C
 ###  4S    AC ---  KS ---
           --- ---  QH ---
            6S --- --- ---

 10S        2H 10C  AD  8C
 ###  9H    AC ---  KS ---
           --- ---  QH ---
            6S --- --- ---

 10S        2H 10C  AD  8C
 ###  9D    AC ---  KS ---
           --- ---  QH ---
            6S --- --- ---

 10S        2H 10C  AD  8C
 ###  5S    AC  9D  KS ---
           --- ---  QH ---
            6S --- --- ---

 10S        2H 10C  AD  8C
 ###  9D    AC ---  KS ---
           --- ---  QH ---
            6S --- --- ---

 10S        2H 10C  AD  8C
 ###  5S    AC  9D  KS ---
           --- ---  QH ---
            6S --- --- ---

 10S        2H 10C  AD  8C
 ---  5C    AC  9D  KS ---
           --- ---  QH ---
            6S --- --- ---

 10S        2H 10C  AD  8C
 ### ---    AC  9D  KS ---
           --- ---  QH ---
            6S --- --- ---

 10S        2H 10C  AD  8C
 ###  3H    AC  9D  KS ---
           --- ---  QH ---
            6S --- --- ---

 10S        2H 10C  AD  8C
 ###  3S    AC  9D  KS ---
           --- ---  QH ---
            6S --- --- ---

 10S        2H 10C  AD  8C
 ###  JC    AC  9D  KS ---
           --- ---  QH ---
            6S --- --- ---

 10S        2H 10C  AD  8C
 ###  KD    AC  9D  KS ---
           --- ---  QH ---
           --- ---  JC ---
Error: tableau is built down in alternating colors
            6S --- --- ---

 10S        2H 10C  AD  8C
 ###  KD    AC  9D  KS ---
           --- ---  QH ---
           --- ---  JC ---
            6S --- --- ---

 10S        2H 10C  AD  8C
 ###  3D    AC  9D  KS ---
           --- ---  QH ---
           --- ---  JC ---
            6S --- --- ---

 10S        2H 10C  AD  8C
 ###  4C    AC  9D  KS ---
           --- ---  QH ---
           --- ---  JC ---
            6S --- --- ---

 10S        2H 10C  AD  8C
 ###  KC    AC  9D  KS ---
           --- ---  QH ---
           --- ---  JC ---
Error: tableau is built down in alternating colors
            6S --- --- ---

 10S        2H 10C  AD  8C
 ###  KC    AC  9D  KS ---
           --- ---  QH ---
           --- ---  JC ---
            6S --- --- ---

 10S        2H 10C  AD  8C
 ###  8D    AC  9D  KS ---
           --- ---  QH ---
           --- ---  JC ---
Error: tableau is built down in alternating colors
            6S --- --- ---

 10S        2H 10C  AD  8C
 ###  8D    AC  9D  KS ---
           --- ---  QH ---
           --- ---  JC ---
            6S --- --- ---

 10S        2H 10C  AD  8C
 ###  6D    AC  9D  KS ---
           --- ---  QH ---
           --- ---  JC ---
            6S  6D --- ---

 10S        2H 10C  AD  8C
 ###  4S    AC  9D  KS ---
           --- ---  QH ---
           --- ---  JC ---
            6S --- --- ---

 10S        2H 10C  AD  8C
 ###  6D    AC  9D  KS ---
           --- ---  QH ---
           --- ---  JC ---
            6S  6D --- ---

 10S        2H 10C  AD  8C
 ###  4S    AC  9D  KS ---
           --- ---  QH ---
           --- ---  JC ---
            6S  6D --- ---

 10S        2H 10C  AD  8C
 ###  5D    AC  9D  KS ---
           --- ---  QH ---
           --- ---  JC ---
            6S  6D --- ---

 10S        2H 10C  AD  8C
 ###  JH    AC  9D  KS ---
           --- ---  QH ---
           --- ---  JC ---
            6S  6D --- ---

 10S        2H 10C  AD  8C
 ---  5C    AC  9D  KS ---
           --- ---  QH ---
           --- ---  JC ---
            6S  6D --- ---

 10S        2H 10C  AD  8C
 ### ---    AC  9D  KS ---
           --- ---  QH ---
           --- ---  JC ---
            6S  6D --- ---

 10S        2H 10C  AD  8C
 ###  3H    AC  9D  KS ---
           --- ---  QH ---
           --- ---  JC ---
            6S  6D --- ---

 10S        2H 10C  AD  8C
 ###  3S    AC  9D  KS ---
           --- ---  QH ---
           --- ---  JC ---
            6S  6D --- ---

 10S        2H 10C  AD  8C
 ###  AH    AC  9D  KS ---
           --- ---  QH ---
           --- ---  JC ---
            6S  6D --- ---

 10S        2H 10C  AD  8C
 ###  9S    AC  9D  KS ---
           --- ---  QH ---
           --- ---  JC ---
            6S  6D --- ---

 10S        2H 10C  AD  8C
 ###  7H    AC  9D  KS ---
           --- ---  QH ---
           --- ---  JC ---
            6S  6D --- ---

 10S        2H 10C  AD  8C
 ###  4C    AC  9D  KS  7H
           --- ---  QH ---
           --- ---  JC ---
            6S  6D --- ---

 10S        2H 10C  AD  8C
 ### 10D    AC  9D  KS  7H
           --- ---  QH ---
           --- ---  JC ---
            6S  6D --- ---

 10S        2H 10C  AD  8C
 ###  KC    AC  9D  KS  7H
           --- ---  QH ---
           --- ---  JC ---
           --- --- 10D ---
            6S  6D --- ---

 10S        2H 10C  AD  8C
 ###  QC    AC  9D  KS  7H
           --- ---  QH ---
           --- ---  JC ---
           --- --- 10D ---
            6S  6D --- ---

 10S        2H 10C  AD  8C
 ###  9H    AC  9D  KS  7H
           --- ---  QH ---
           --- ---  JC ---
           --- --- 10D ---
            6S  6D --- ---

 10S        2H 10C  AD  8C
 ###  8S    AC  9D  KS  7H
           --- ---  QH ---
           --- ---  JC ---
           --- --- 10D ---
            6S  6D --- ---

 10S        2H 10C  AD  8C
 ###  5S    AC  9D  KS  7H
           ---  8S  QH ---
           --- ---  JC ---
           --- --- 10D ---
            6S  6D --- ---

 10S        2H 10C  AD  8C
 ---  5C    AC  9D  KS  7H
           ---  8S  QH ---
           --- ---  JC ---
           --- --- 10D ---
            6S  6D --- ---

 10S        2H 10C  AD  8C
 ### ---    AC  9D  KS  7H
           ---  8S  QH ---
           --- ---  JC ---
           --- --- 10D ---
            6S  6D --- ---

 10S        2H 10C  AD  8C
 ###  3H    AC  9D  KS  7H
           ---  8S  QH ---
           --- ---  JC ---
           --- --- 10D ---
            6S  6D --- ---

 10S        2H 10C  AD  8C
 ###  3S    AC  9D  KS  7H
           ---  8S  QH ---
           --- ---  JC ---
           --- --- 10D ---
            6S  6D --- ---

 10S        2H 10C  AD  8C
 ###  AH    AC  9D  KS  7H
           ---  8S  QH ---
           --- ---  JC ---
           --- --- 10D ---
            6S  6D --- ---

 10S        2H 10C  AD  8C
 ###  9S    AC  9D  KS  7H
           ---  8S  QH ---
           --- ---  JC ---
           --- --- 10D ---
            6S  6D --- ---

 10S        2H 10C  AD  8C
 ###  2C    AC  9D  KS  7H
           ---  8S  QH ---
           --- ---  JC ---
           --- --- 10D ---
            6S  6D --- ---

 10S        2H 10C  AD  8C
 ###  8D    AC  9D  KS  7H
           ---  8S  QH ---
           --- ---  JC ---
           --- --- 10D ---
            6S  6D --- ---

 10S        2H 10C  AD  8C
 ### 10H    AC  9D  KS  7H
           ---  8S  QH ---
           --- ---  JC ---
           --- --- 10D ---
            6S  6D --- ---

 10S        2H 10C  AD  8C
 ###  5S    AC  9D  KS  7H
           ---  8S  QH ---
           --- ---  JC ---
           --- --- 10D ---
            6S  6D --- ---

 10S        2H 10C  AD  8C
 ---  5C    AC  9D  KS  7H
           ---  8S  QH ---
           --- ---  JC ---
           --- --- 10D ---
            6S  6D --- ---

 10S        2H 10C  AD  8C
 ### ---    AC  9D  KS  7H
           ---  8S  QH ---
           --- ---  JC ---
           --- --- 10D ---
            6S  6D --- ---

 10S        2H 10C  AD  8C
 ###  3H    AC  9D  KS  7H
           ---  8S  QH ---
           --- ---  JC ---
           --- --- 10D ---
            6S  6D --- ---

 10S        2H 10C  AD  8C
 ###  3S    AC  9D  KS  7H
           ---  8S  QH ---
           --- ---  JC ---
           --- --- 10D ---
            6S  6D --- ---

 10S        2H 10C  AD  8C
 ###  AH    AC  9D  KS  7H
           ---  8S  QH ---
           --- ---  JC ---
           --- --- 10D ---
            6S  6D --- ---

 10S        2H 10C  AD  8C
 ###  9S    AC  9D  KS  7H
           ---  8S  QH ---
           --- ---  JC ---
           --- --- 10D ---
            6S  6D --- ---

 10S        2H 10C  AD  8C
 ###  3D    AC  9D  KS  7H
           ---  8S  QH ---
           --- ---  JC ---
           --- --- 10D ---
           --- ---  9S ---
Error: tableau is built down in alternating colors
            6S  6D --- ---

 10S        2H 10C  AD  8C
 ###  3D    AC  9D  KS  7H
           ---  8S  QH ---
           --- ---  JC ---
           --- --- 10D ---
           --- ---  9S ---
            6S  6D --- ---

 10S        2H 10C  AD  8C
 ###  2C    AC  9D  KS  7H
           ---  8S  QH ---
           --- ---  JC ---
           --- --- 10D ---
           --- ---  9S ---
            6S  6D --- ---

 10S        2H 10C  AD  8C
 ###  8D    AC  9D  KS  7H
           ---  8S  QH ---
           --- ---  JC ---
           --- --- 10D ---
           --- ---  9S ---
            6S  6D --- ---

 10S        2H 10C  AD  8C
 ###  9C    AC  9D  KS  7H
           ---  8S  QH ---
           --- ---  JC ---
           --- --- 10D ---
           --- ---  9S ---
           --- ---  8D ---
            6S  6D --- ---

 10S        2H 10C  AD  8C
 ### 10H    AC  9D  KS  7H
           ---  8S  QH ---
           --- ---  JC ---
           --- --- 10D ---
           --- ---  9S ---
           --- ---  8D ---
            6S  6D --- ---

 10S        2H 10C  AD  8C
 ###  5S    AC  9D  KS  7H
           ---  8S  QH ---
           --- ---  JC ---
           --- --- 10D ---
           --- ---  9S ---
           --- ---  8D ---
            6S  6D --- ---

 10S        2H 10C  AD  8C
 ---  5C    AC  9D  KS  7H
           ---  8S  QH ---
           --- ---  JC ---
           --- --- 10D ---
           --- ---  9S ---
           --- ---  8D ---
            6S  6D --- ---

 10S        2H 10C  AD  8C
 ### ---    AC  9D  KS  7H
           ---  8S  QH ---
           --- ---  JC ---
           --- --- 10D ---
           --- ---  9S ---
           --- ---  8D ---
            6S  6D --- ---

 10S        2H 10C  AD  8C
 ###  3H    AC  9D  KS  7H
           ---  8S  QH ---
           --- ---  JC ---
           --- --- 10D ---
           --- ---  9S ---
           --- ---  8D ---
            6S  6D --- ---

 10S        2H 10C  AD  8C
 ###  3S    AC  9D  KS  7H
           ---  8S  QH ---
           --- ---  JC ---
           --- --- 10D ---
           --- ---  9S ---
           --- ---  8D ---
            6S  6D --- ---

 10S        2H 10C  AD  8C
 ###  AH    AC  9D  KS  7H
           ---  8S  QH ---
           --- ---  JC ---
           --- --- 10D ---
           --- ---  9S ---
           --- ---  8D ---
            6S  6D --- ---

 10S        2H 10C  AD  8C
 ###  JD    AC  9D  KS  7H
           ---  8S  QH ---
           --- ---  JC ---
           --- --- 10D ---
           --- ---  9S ---
           --- ---  8D ---
            6S  6D --- ---

 10S        2H 10C  AD  8C
 ###  KC    AC  9D  KS  7H
           ---  8S  QH ---
           --- ---  JC ---
           --- --- 10D ---
           --- ---  9S ---
           --- ---  8D ---
            6S  6D --- ---

 10S        2H 10C  AD  8C
 ###  4S    AC  9D  KS  7H
           ---  8S  QH ---
           --- ---  JC ---
           --- --- 10D ---
           --- ---  9S ---
           --- ---  8D ---
            6S  6D --- ---

 10S        2H 10C  AD  8C
 ###  5D    AC  9D  KS  7H
           ---  8S  QH ---
           --- ---  JC ---
           --- --- 10D ---
           --- ---  9S ---
           --- ---  8D ---
            6S  6D --- ---

 10S        2H 10C  AD  8C
 ---  5C    AC  9D  KS  7H
           ---  8S  QH ---
           --- ---  JC ---
           --- --- 10D ---
           --- ---  9S ---
           --- ---  8D ---
            6S  6D --- ---

 10S        2H 10C  AD  8C
 ### ---    AC  9D  KS  7H
           ---  8S  QH ---
           --- ---  JC ---
           --- --- 10D ---
           --- ---  9S ---
           --- ---  8D ---
            6S  6D --- ---

 10S        2H 10C  AD  8C
 ###  3H    AC  9D  KS  7H
           ---  8S  QH ---
           --- ---  JC ---
           --- --- 10D ---
           --- ---  9S ---
           --- ---  8D ---
            6S  6D --- ---

 10S        2H 10C  AD  8C
 ###  3S    AC  9D  KS  7H
           ---  8S  QH ---
           --- ---  JC ---
           --- --- 10D ---
           --- ---  9S ---
           --- ---  8D ---
            6S  6D --- ---

 10S        2H 10C  AD  8C
 ###  AH    AC  9D  KS  7H
           ---  8S  QH ---
           --- ---  JC ---
           --- --- 10D ---
           --- ---  9S ---
           --- ---  8D ---
            6S  6D --- ---

 10S        2H 10C  AD  8C
 ###  JD    AC  9D  KS  7H
           ---  8S  QH ---
           --- ---  JC ---
           --- --- 10D ---
           --- ---  9S ---
           --- ---  8D ---
            6S  6D --- ---

 10S        2H 10C  AD  8C
 ###  KC    AC  9D  KS  7H
           ---  8S  QH ---
           --- ---  JC ---
           --- --- 10D ---
           --- ---  9S ---
           --- ---  8D ---
            6S  6D --- ---

 10S        2H 10C  AD  8C
 ###  4S    AC  9D  KS  7H
           ---  8S  QH ---
           --- ---  JC ---
           --- --- 10D ---
           --- ---  9S ---
           --- ---  8D ---
            6S  6D --- ---

 10S        2H 10C  AD  8C
 ###  5D    AC  9D  KS  7H
           ---  8S  QH ---
           --- ---  JC ---
           --- --- 10D ---
           --- ---  9S ---
           --- ---  8D ---
            6S  6D --- ---

 10S        2H 10C  AD  8C
 ---  5C    AC  9D  KS  7H
           ---  8S  QH ---
           --- ---  JC ---
           --- --- 10D ---
           --- ---  9S ---
           --- ---  8D ---
            6S  6D --- ---

 10S        2H 10C  AD  8C
 ### ---    AC  9D  KS  7H
           ---  8S  QH ---
           --- ---  JC ---
           --- --- 10D ---
           --- ---  9S ---
           --- ---  8D ---
            6S  6D --- ---

 10S        2H 10C  AD  8C
 ###  3H    AC  9D  KS  7H
           ---  8S  QH ---
           --- ---  JC ---
           --- --- 10D ---
           --- ---  9S ---
           --- ---  8D ---
Another game? [yn] 
===== Differences =====
*** Expected
--- Actual
***************
*** 54,59 ****
--- 54,60 ----
  
   10S        2H 10C  AD  8C
   ###  9C    AC --- --- ---
+ Error: tableau is built down in alternating colors
              6S --- --- ---
  
   10S        2H 10C  AD  8C
***************
*** 112,117 ****
--- 113,119 ----
   10S        2H 10C  AD  8C
   ###  JD    AC ---  KS ---
             --- ---  QH ---
+ Error: tableau is built down in alternating colors
              6S --- --- ---
  
   10S        2H 10C  AD  8C
***************
*** 188,193 ****
--- 190,196 ----
   ###  KD    AC  9D  KS ---
             --- ---  QH ---
             --- ---  JC ---
+ Error: tableau is built down in alternating colors
              6S --- --- ---
  
   10S        2H 10C  AD  8C
***************
*** 212,217 ****
--- 215,221 ----
   ###  KC    AC  9D  KS ---
             --- ---  QH ---
             --- ---  JC ---
+ Error: tableau is built down in alternating colors
              6S --- --- ---
  
   10S        2H 10C  AD  8C
***************
*** 224,229 ****
--- 228,234 ----
   ###  8D    AC  9D  KS ---
             --- ---  QH ---
             --- ---  JC ---
+ Error: tableau is built down in alternating colors
              6S --- --- ---
  
   10S        2H 10C  AD  8C
***************
*** 475,480 ****
--- 480,486 ----
             --- ---  JC ---
             --- --- 10D ---
             --- ---  9S ---
+ Error: tableau is built down in alternating colors
              6S  6D --- ---
  
   10S        2H 10C  AD  8C

===== =====
Summary: Passed 0 of 1 tests
